PhantomJS is launching GhostDriver...
[INFO  - 2020-06-02T03:01:13.906Z] GhostDriver - Main - running on port 12315
[INFO  - 2020-06-02T03:01:16.936Z] Session [53a39c40-a47d-11ea-8415-fff5f2a0ac36] - page.settings - {"XSSAuditingEnabled":false,"javascriptCanCloseWindows":true,"javascriptCanOpenWindows":true,"javascriptEnabled":true,"loadImages":true,"localToRemoteUrlAccessEnabled":false,"userAgent":"Mozilla/5.0 (Windows NT 6.2; WOW64) AppleWebKit/534.34 (KHTML, like Gecko) PhantomJS/1.9.7 Safari/534.34","webSecurityEnabled":true}
[INFO  - 2020-06-02T03:01:16.937Z] Session [53a39c40-a47d-11ea-8415-fff5f2a0ac36] - page.customHeaders:  - {}
[INFO  - 2020-06-02T03:01:16.937Z] Session [53a39c40-a47d-11ea-8415-fff5f2a0ac36] - Session.negotiatedCapabilities - {"browserName":"phantomjs","version":"1.9.7","driverName":"ghostdriver","driverVersion":"1.1.0","platform":"windows-8-32bit","javascriptEnabled":true,"takesScreenshot":true,"handlesAlerts":false,"databaseEnabled":false,"locationContextEnabled":false,"applicationCacheEnabled":false,"browserConnectionEnabled":false,"cssSelectorsEnabled":true,"webStorageEnabled":false,"rotatable":false,"acceptSslCerts":false,"nativeEvents":true,"proxy":{"proxyType":"direct"}}
[INFO  - 2020-06-02T03:01:16.937Z] SessionManagerReqHand - _postNewSessionCommand - New Session Created: 53a39c40-a47d-11ea-8415-fff5f2a0ac36
[ERROR - 2020-06-02T03:01:18.467Z] Session [53a39c40-a47d-11ea-8415-fff5f2a0ac36] - page.onError - msg: TypeError: 'null' is not an object (evaluating 'document.getElementById("language").value = "zh_CN"')
[ERROR - 2020-06-02T03:01:18.467Z] Session [53a39c40-a47d-11ea-8415-fff5f2a0ac36] - page.onError - stack:
  (anonymous function) (https://ids.ynu.edu.cn/authserver/custom/js/login-language.js:24)
  (anonymous function) (https://ids.ynu.edu.cn/authserver/custom/js/login-language.js:26)
[ERROR - 2020-06-02T03:01:23.338Z] Session [53a39c40-a47d-11ea-8415-fff5f2a0ac36] - page.onError - msg: TypeError: 'undefined' is not a function (evaluating 'h.loaded.bind(h)')
[ERROR - 2020-06-02T03:01:23.338Z] Session [53a39c40-a47d-11ea-8415-fff5f2a0ac36] - page.onError - stack:
  (anonymous function) (http://ehall.ynu.edu.cn/new/resources/widget/webcomponents/webcomponents-lite.min.js:11)
  (anonymous function) (http://ehall.ynu.edu.cn/new/resources/widget/webcomponents/webcomponents-lite.min.js:11)
[ERROR - 2020-06-02T03:01:23.418Z] Session [53a39c40-a47d-11ea-8415-fff5f2a0ac36] - page.onError - msg: TypeError: 'undefined' is not a function (evaluating 'f.bind(null,e,t,i)')
[ERROR - 2020-06-02T03:01:23.418Z] Session [53a39c40-a47d-11ea-8415-fff5f2a0ac36] - page.onError - stack:
  (anonymous function) (http://data.campusphere.cn/pipe-data/useraction/track.min.js:1)
  (anonymous function) (http://data.campusphere.cn/pipe-data/useraction/track.min.js:1)
  (anonymous function) (http://data.campusphere.cn/pipe-data/useraction/track.min.js:1)
  (anonymous function) (http://data.campusphere.cn/pipe-data/useraction/track.min.js:1)
[ERROR - 2020-06-02T03:01:24.315Z] Session [53a39c40-a47d-11ea-8415-fff5f2a0ac36] - page.onError - msg: TypeError: 'null' is not an object (evaluating 'e.queryTodoTask')
[ERROR - 2020-06-02T03:01:24.315Z] Session [53a39c40-a47d-11ea-8415-fff5f2a0ac36] - page.onError - stack:
  t (http://ehall.ynu.edu.cn/new/portal/js/amp.min.js:1)
  (anonymous function) (http://ehall.ynu.edu.cn/new/portal/js/amp.min.js:1)
  (anonymous function) (http://ehall.ynu.edu.cn/new/portal/js/amp.min.js:1)
  (anonymous function) (http://ehall.ynu.edu.cn/new/resources/js/jquery-2.1.1.min.js:2)
  (anonymous function) (http://ehall.ynu.edu.cn/new/resources/js/jquery-2.1.1.min.js:2)
  (anonymous function) (http://ehall.ynu.edu.cn/new/resources/js/jquery-2.1.1.min.js:2)
  (anonymous function) (http://ehall.ynu.edu.cn/new/portal/js/amp.min.js:1)
  (anonymous function) (http://ehall.ynu.edu.cn/new/resources/js/jquery-2.1.1.min.js:2)
  (anonymous function) (http://ehall.ynu.edu.cn/new/resources/js/jquery-2.1.1.min.js:2)
  x (http://ehall.ynu.edu.cn/new/resources/js/jquery-2.1.1.min.js:4)
  (anonymous function) (http://ehall.ynu.edu.cn/new/resources/js/jquery-2.1.1.min.js:4)
[ERROR - 2020-06-02T03:01:25.117Z] WebElementLocator - _handleLocateCommand - Element(s) NOT Found: GAVE UP. Search Stop Time: 1591066885068
[ERROR - 2020-06-02T03:01:26.152Z] WebElementLocator - _handleLocateCommand - Element(s) NOT Found: GAVE UP. Search Stop Time: 1591066886106
[ERROR - 2020-06-02T03:01:27.105Z] WebElementLocator - _handleLocateCommand - Element(s) NOT Found: GAVE UP. Search Stop Time: 1591066887065
[ERROR - 2020-06-02T03:01:28.035Z] WebElementLocator - _handleLocateCommand - Element(s) NOT Found: GAVE UP. Search Stop Time: 1591066888027
[ERROR - 2020-06-02T03:01:29.024Z] WebElementLocator - _handleLocateCommand - Element(s) NOT Found: GAVE UP. Search Stop Time: 1591066888981
[ERROR - 2020-06-02T03:01:30.011Z] WebElementLocator - _handleLocateCommand - Element(s) NOT Found: GAVE UP. Search Stop Time: 1591066889957
[ERROR - 2020-06-02T03:01:30.962Z] WebElementLocator - _handleLocateCommand - Element(s) NOT Found: GAVE UP. Search Stop Time: 1591066890926
[ERROR - 2020-06-02T03:01:31.920Z] WebElementLocator - _handleLocateCommand - Element(s) NOT Found: GAVE UP. Search Stop Time: 1591066891873
[ERROR - 2020-06-02T03:01:32.881Z] WebElementLocator - _handleLocateCommand - Element(s) NOT Found: GAVE UP. Search Stop Time: 1591066892835
[ERROR - 2020-06-02T03:01:33.837Z] WebElementLocator - _handleLocateCommand - Element(s) NOT Found: GAVE UP. Search Stop Time: 1591066893798
[ERROR - 2020-06-02T03:01:34.896Z] WebElementLocator - _handleLocateCommand - Element(s) NOT Found: GAVE UP. Search Stop Time: 1591066894854
